Using pre-set license
Built from '2020.2/staging' branch; Version is '2020.2.3f1 (8ff31bc5bf5b) revision 9433883'; Using compiler version '192528614'; Build Type 'Release'
OS: 'Windows 10 Home Single Language; OS build 21296.1010; Version 2004; 64bit' Language: 'pt' Physical Memory: 16217 MB
BatchMode: 1, IsHumanControllingUs: 0, StartBugReporterOnCrash: 0, Is64bit: 1, IsPro: 0

 COMMAND LINE ARGUMENTS:
C:\Program Files\Unity\Hub\Editor\2020.2.3f1\Editor\Unity.exe
-adb2
-batchMode
-noUpm
-name
AssetImportWorker0
-projectPath
C:/Users/Avell/Documents/gamedev/Repos/Unity2D - Udemy course/bec2020-cave-laser-defender/bec2020-cave-laser-defender
-logFile
Logs/AssetImportWorker0.log
-srvPort
61756
Successfully changed project path to: C:/Users/Avell/Documents/gamedev/Repos/Unity2D - Udemy course/bec2020-cave-laser-defender/bec2020-cave-laser-defender
C:/Users/Avell/Documents/gamedev/Repos/Unity2D - Udemy course/bec2020-cave-laser-defender/bec2020-cave-laser-defender
Using Asset Import Pipeline V2.
Refreshing native plugins compatible for Editor in 29.59 ms, found 1 plugins.
Preloading 0 native plugins for Editor in 0.00 ms.
Initialize engine version: 2020.2.3f1 (8ff31bc5bf5b)
[Subsystems] Discovering subsystems at path C:/Program Files/Unity/Hub/Editor/2020.2.3f1/Editor/Data/Resources/UnitySubsystems
[Subsystems] Discovering subsystems at path C:/Users/Avell/Documents/gamedev/Repos/Unity2D - Udemy course/bec2020-cave-laser-defender/bec2020-cave-laser-defender/Assets
GfxDevice: creating device client; threaded=0
Direct3D:
    Version:  Direct3D 11.0 [level 11.1]
    Renderer: NVIDIA GeForce RTX 2060 (ID=0x1f15)
    Vendor:   
    VRAM:     5980 MB
    Driver:   27.21.14.5773
Initialize mono
Mono path[0] = 'C:/Program Files/Unity/Hub/Editor/2020.2.3f1/Editor/Data/Managed'
Mono path[1] = 'C:/Program Files/Unity/Hub/Editor/2020.2.3f1/Editor/Data/MonoBleedingEdge/lib/mono/unityjit'
Mono config path = 'C:/Program Files/Unity/Hub/Editor/2020.2.3f1/Editor/Data/MonoBleedingEdge/etc'
Using monoOptions --debugger-agent=transport=dt_socket,embedding=1,server=y,suspend=n,address=127.0.0.1:56252
Begin MonoManager ReloadAssembly
Registering precompiled unity dll's ...
Register platform support module: C:/Program Files/Unity/Hub/Editor/2020.2.3f1/Editor/Data/PlaybackEngines/WebGLSupport/UnityEditor.WebGL.Extensions.dll
Register platform support module: C:/Program Files/Unity/Hub/Editor/2020.2.3f1/Editor/Data/PlaybackEngines/MacStandaloneSupport/UnityEditor.OSXStandalone.Extensions.dll
Register platform support module: C:/Program Files/Unity/Hub/Editor/2020.2.3f1/Editor/Data/PlaybackEngines/WindowsStandaloneSupport/UnityEditor.WindowsStandalone.Extensions.dll
Register platform support module: C:/Program Files/Unity/Hub/Editor/2020.2.3f1/Editor/Data/PlaybackEngines/LinuxStandaloneSupport/UnityEditor.LinuxStandalone.Extensions.dll
Registered in 0.002602 seconds.
Native extension for LinuxStandalone target not found
Native extension for WindowsStandalone target not found
Native extension for OSXStandalone target not found
Native extension for WebGL target not found
Refreshing native plugins compatible for Editor in 29.76 ms, found 1 plugins.
Preloading 0 native plugins for Editor in 0.00 ms.
Invoked RoslynAnalysisRunner static constructor.
RoslynAnalysisRunner will not be running.
RoslynAnalysisRunner has terminated.
Mono: successfully reloaded assembly
- Completed reload, in  1.000 seconds
Platform modules already initialized, skipping
Registering precompiled user dll's ...
Registered in 0.000990 seconds.
Begin MonoManager ReloadAssembly
Native extension for LinuxStandalone target not found
Native extension for WindowsStandalone target not found
Native extension for OSXStandalone target not found
Native extension for WebGL target not found
Refreshing native plugins compatible for Editor in 28.21 ms, found 1 plugins.
Preloading 0 native plugins for Editor in 0.00 ms.
Invoked RoslynAnalysisRunner static constructor.
RoslynAnalysisRunner will not be running.
RoslynAnalysisRunner has terminated.
Mono: successfully reloaded assembly
- Completed reload, in  0.746 seconds
Platform modules already initialized, skipping
========================================================================
Worker process is ready to serve import requests
Launched and connected shader compiler UnityShaderCompiler.exe after 0.04 seconds
Refreshing native plugins compatible for Editor in 0.32 ms, found 1 plugins.
Preloading 0 native plugins for Editor in 0.00 ms.
Unloading 1792 Unused Serialized files (Serialized files now loaded: 0)
System memory in use before: 84.9 MB.
System memory in use after: 84.9 MB.

Unloading 24 unused Assets to reduce memory usage. Loaded Objects now: 2233.
Total: 2.099600 ms (FindLiveObjects: 0.227200 ms CreateObjectMapping: 0.084300 ms MarkObjects: 1.687100 ms  DeleteObjects: 0.099500 ms)

========================================================================
Received Import Request.
  path: Assets/Scenes
  artifactKey: Guid(a7c2548bde874154e9f3a558dd5d3615) Importer(815301076,1909f56bfc062723c751e8b465ee728b)
Start importing Assets/Scenes using Guid(a7c2548bde874154e9f3a558dd5d3615) Importer(815301076,1909f56bfc062723c751e8b465ee728b)  -> (artifact id: '4dea753783e5cfbdcb5f7c5377136438') in 0.010917 seconds
  Import took 0.013853 seconds .

========================================================================
Received Import Request.
  Time since last request: 2.747212 seconds.
  path: Assets/Scenes/SampleScene.unity
  artifactKey: Guid(2cda990e2423bbf4892e6590ba056729) Importer(815301076,1909f56bfc062723c751e8b465ee728b)
Start importing Assets/Scenes/SampleScene.unity using Guid(2cda990e2423bbf4892e6590ba056729) Importer(815301076,1909f56bfc062723c751e8b465ee728b)  -> (artifact id: 'c0b1f4d2579f7c49598bd0a1282bd0e0') in 0.016598 seconds
  Import took 0.019328 seconds .

========================================================================
Received Import Request.
  Time since last request: 7.661996 seconds.
  path: Assets
  artifactKey: Guid(00000000000000001000000000000000) Importer(815301076,1909f56bfc062723c751e8b465ee728b)
Start importing Assets using Guid(00000000000000001000000000000000) Importer(815301076,1909f56bfc062723c751e8b465ee728b)  -> (artifact id: '653ce283d384579a24208b2e4d727c2a') in 0.013745 seconds
  Import took 0.016300 seconds .

========================================================================
Received Import Request.
  Time since last request: 7.323101 seconds.
  path: Assets/Sprites
  artifactKey: Guid(25e4de545e7992a4f99f3d6a12d2eb28) Importer(815301076,1909f56bfc062723c751e8b465ee728b)
Start importing Assets/Sprites using Guid(25e4de545e7992a4f99f3d6a12d2eb28) Importer(815301076,1909f56bfc062723c751e8b465ee728b)  -> (artifact id: '1c79520bc0c04e46a81e374e9fad67b7') in 0.009268 seconds
  Import took 0.012511 seconds .

========================================================================
Received Import Request.
  Time since last request: 18.158666 seconds.
  path: Assets/Sprites/background-laser-defender-1.jpg
  artifactKey: Guid(1d6d4a275b1e37b45b30348f80fbfcbf) Importer(815301076,1909f56bfc062723c751e8b465ee728b)
Start importing Assets/Sprites/background-laser-defender-1.jpg using Guid(1d6d4a275b1e37b45b30348f80fbfcbf) Importer(815301076,1909f56bfc062723c751e8b465ee728b)  -> (artifact id: '54af1c3f1634d5c89cbdea07c0cd0d4f') in 0.148007 seconds
  Import took 0.150694 seconds .

========================================================================
Received Import Request.
  Time since last request: 0.758012 seconds.
  path: Assets/Sprites/background-laser-defender-2.jpg
  artifactKey: Guid(b7764f3132fd5414986c219d5335909d) Importer(815301076,1909f56bfc062723c751e8b465ee728b)
Start importing Assets/Sprites/background-laser-defender-2.jpg using Guid(b7764f3132fd5414986c219d5335909d) Importer(815301076,1909f56bfc062723c751e8b465ee728b)  -> (artifact id: 'a652d1aa7d05dcc379d03f160bd6b3f5') in 0.048393 seconds
  Import took 0.051260 seconds .

========================================================================
Received Import Request.
  Time since last request: 1.396767 seconds.
  path: Assets/Sprites/background-laser-defender-3-testeSideScroll.jpg
  artifactKey: Guid(18932fa97044cee4ca065e5f4795febb) Importer(815301076,1909f56bfc062723c751e8b465ee728b)
Start importing Assets/Sprites/background-laser-defender-3-testeSideScroll.jpg using Guid(18932fa97044cee4ca065e5f4795febb) Importer(815301076,1909f56bfc062723c751e8b465ee728b)  -> (artifact id: '3c49ecfcf17d0547e671da92bf5d0ee3') in 0.048066 seconds
  Import took 0.051207 seconds .

========================================================================
Received Import Request.
  Time since last request: 27.841268 seconds.
  path: Assets/Sprites/bkgd
  artifactKey: Guid(5b68ac2000720da449936fab8fc90abb) Importer(815301076,1909f56bfc062723c751e8b465ee728b)
Start importing Assets/Sprites/bkgd using Guid(5b68ac2000720da449936fab8fc90abb) Importer(815301076,1909f56bfc062723c751e8b465ee728b)  -> (artifact id: '1dbb78f093edd77e962c0bd2e0505a42') in 0.011497 seconds
  Import took 0.014498 seconds .

========================================================================
Received Import Request.
  Time since last request: 294.737218 seconds.
  path: Assets/Scenes/Game.unity
  artifactKey: Guid(2cda990e2423bbf4892e6590ba056729) Importer(815301076,1909f56bfc062723c751e8b465ee728b)
Start importing Assets/Scenes/Game.unity using Guid(2cda990e2423bbf4892e6590ba056729) Importer(815301076,1909f56bfc062723c751e8b465ee728b)  -> (artifact id: '0776a35aff07471f213455f21d515bb0') in 0.014805 seconds
  Import took 0.018741 seconds .

========================================================================
Received Import Request.
  Time since last request: 698.825020 seconds.
  path: Assets/Sprites/triangle-test.png
  artifactKey: Guid(63eeaad0291419845ab95c180c1caf00) Importer(815301076,1909f56bfc062723c751e8b465ee728b)
Start importing Assets/Sprites/triangle-test.png using Guid(63eeaad0291419845ab95c180c1caf00) Importer(815301076,1909f56bfc062723c751e8b465ee728b)  -> (artifact id: '073e692dc19bce34d6772a365a046e3f') in 0.043813 seconds
  Import took 0.046704 seconds .

========================================================================
Received Import Request.
  Time since last request: 13.480632 seconds.
  path: Assets/Sprites/bkgd/background-laser-defender-1.jpg
  artifactKey: Guid(1d6d4a275b1e37b45b30348f80fbfcbf) Importer(815301076,1909f56bfc062723c751e8b465ee728b)
Start importing Assets/Sprites/bkgd/background-laser-defender-1.jpg using Guid(1d6d4a275b1e37b45b30348f80fbfcbf) Importer(815301076,1909f56bfc062723c751e8b465ee728b)  -> (artifact id: 'ccd33f7bc868dfc35093a517b4c8f2a5') in 0.031562 seconds
  Import took 0.034651 seconds .

========================================================================
Received Import Request.
  Time since last request: 0.002515 seconds.
  path: Assets/Sprites/bkgd/background-laser-defender-1.jpg
  artifactKey: Guid(1d6d4a275b1e37b45b30348f80fbfcbf) Importer(815301076,1909f56bfc062723c751e8b465ee728b)
Start importing Assets/Sprites/bkgd/background-laser-defender-1.jpg using Guid(1d6d4a275b1e37b45b30348f80fbfcbf) Importer(815301076,1909f56bfc062723c751e8b465ee728b)  -> (artifact id: 'ccd33f7bc868dfc35093a517b4c8f2a5') in 0.036901 seconds
  Import took 0.039632 seconds .

========================================================================
Received Import Request.
  Time since last request: 84.258284 seconds.
  path: Assets/Sprites/triangle-png.webp
  artifactKey: Guid(f33a7ce21e8e5fd459f65b7287155698) Importer(815301076,1909f56bfc062723c751e8b465ee728b)
Start importing Assets/Sprites/triangle-png.webp using Guid(f33a7ce21e8e5fd459f65b7287155698) Importer(815301076,1909f56bfc062723c751e8b465ee728b)  -> (artifact id: '8a73ce77bae750ca5b3bc2103c74e1ca') in 0.014551 seconds
  Import took 0.017171 seconds .

========================================================================
Received Import Request.
  Time since last request: 86.941294 seconds.
  path: Assets/Sprites/0-1181_black-triangle-clipart-black-triangle-png-transparent-png.png
  artifactKey: Guid(72240b465f04e3b48a49e53800faded1) Importer(815301076,1909f56bfc062723c751e8b465ee728b)
Start importing Assets/Sprites/0-1181_black-triangle-clipart-black-triangle-png-transparent-png.png using Guid(72240b465f04e3b48a49e53800faded1) Importer(815301076,1909f56bfc062723c751e8b465ee728b)  -> (artifact id: '65e13ed47da81c39a87dfb5b316c2158') in 0.034084 seconds
  Import took 0.037469 seconds .

========================================================================
Received Import Request.
  Time since last request: 97.774395 seconds.
  path: Assets/Sprites/orange-triangle-image-vector-0.png
  artifactKey: Guid(4757f772e9696d242815159523942fe5) Importer(815301076,1909f56bfc062723c751e8b465ee728b)
Start importing Assets/Sprites/orange-triangle-image-vector-0.png using Guid(4757f772e9696d242815159523942fe5) Importer(815301076,1909f56bfc062723c751e8b465ee728b)  -> (artifact id: 'ded0f682cc95d8559f0fe00d30e73efd') in 0.026563 seconds
  Import took 0.029924 seconds .

========================================================================
Received Import Request.
  Time since last request: 374.710608 seconds.
  path: Assets/Sprites/orange-triangle-image-vector-0.png
  artifactKey: Guid(4757f772e9696d242815159523942fe5) Importer(815301076,1909f56bfc062723c751e8b465ee728b)
Start importing Assets/Sprites/orange-triangle-image-vector-0.png using Guid(4757f772e9696d242815159523942fe5) Importer(815301076,1909f56bfc062723c751e8b465ee728b)  -> (artifact id: '86c0d0a5404404f43338d5b4f0ac8007') in 0.019251 seconds
  Import took 0.022795 seconds .

========================================================================
Received Import Request.
  Time since last request: 1627.688864 seconds.
  path: Assets/Scripts
  artifactKey: Guid(a13bafee7a155e7479c561d377016492) Importer(815301076,1909f56bfc062723c751e8b465ee728b)
Start importing Assets/Scripts using Guid(a13bafee7a155e7479c561d377016492) Importer(815301076,1909f56bfc062723c751e8b465ee728b)  -> (artifact id: '7ef474319a981b3224479fd2d0453fb8') in 0.014466 seconds
  Import took 0.019009 seconds .

========================================================================
Received Import Request.
  Time since last request: 8.578532 seconds.
  path: Assets/Scripts/Player.cs
  artifactKey: Guid(8220323386d916542840fc3e0cd5c4bf) Importer(815301076,1909f56bfc062723c751e8b465ee728b)
Start importing Assets/Scripts/Player.cs using Guid(8220323386d916542840fc3e0cd5c4bf) Importer(815301076,1909f56bfc062723c751e8b465ee728b)  -> (artifact id: '2a12535d4778a7e0ed2ec75891caaf35') in 0.081019 seconds
  Import took 0.084304 seconds .

========================================================================
Received Import Request.
  Time since last request: 0.011501 seconds.
  path: Assets/Scripts/Player.cs
  artifactKey: Guid(8220323386d916542840fc3e0cd5c4bf) Importer(815301076,1909f56bfc062723c751e8b465ee728b)
Start importing Assets/Scripts/Player.cs using Guid(8220323386d916542840fc3e0cd5c4bf) Importer(815301076,1909f56bfc062723c751e8b465ee728b)  -> (artifact id: '2a12535d4778a7e0ed2ec75891caaf35') in 0.008749 seconds
  Import took 0.012544 seconds .

========================================================================
Received Prepare
Registering precompiled user dll's ...
Registered in 0.047543 seconds.
Begin MonoManager ReloadAssembly
Native extension for LinuxStandalone target not found
Native extension for WindowsStandalone target not found
Native extension for OSXStandalone target not found
Native extension for WebGL target not found
Refreshing native plugins compatible for Editor in 0.45 ms, found 1 plugins.
Preloading 0 native plugins for Editor in 0.00 ms.
Invoked RoslynAnalysisRunner static constructor.
RoslynAnalysisRunner will not be running.
RoslynAnalysisRunner has terminated.
Mono: successfully reloaded assembly
- Completed reload, in  1.242 seconds
Platform modules already initialized, skipping
Refreshing native plugins compatible for Editor in 0.41 ms, found 1 plugins.
Preloading 0 native plugins for Editor in 0.00 ms.
Unloading 1788 Unused Serialized files (Serialized files now loaded: 0)
System memory in use before: 88.0 MB.
System memory in use after: 88.0 MB.

Unloading 12 unused Assets to reduce memory usage. Loaded Objects now: 2253.
Total: 2.282300 ms (FindLiveObjects: 0.279100 ms CreateObjectMapping: 0.125600 ms MarkObjects: 1.774000 ms  DeleteObjects: 0.102500 ms)

========================================================================
Received Prepare
Registering precompiled user dll's ...
Registered in 0.000898 seconds.
Begin MonoManager ReloadAssembly
Native extension for LinuxStandalone target not found
Native extension for WindowsStandalone target not found
Native extension for OSXStandalone target not found
Native extension for WebGL target not found
Refreshing native plugins compatible for Editor in 0.36 ms, found 1 plugins.
Preloading 0 native plugins for Editor in 0.00 ms.
Invoked RoslynAnalysisRunner static constructor.
RoslynAnalysisRunner will not be running.
RoslynAnalysisRunner has terminated.
Mono: successfully reloaded assembly
- Completed reload, in  0.833 seconds
Platform modules already initialized, skipping
Refreshing native plugins compatible for Editor in 0.49 ms, found 1 plugins.
Preloading 0 native plugins for Editor in 0.00 ms.
Unloading 1788 Unused Serialized files (Serialized files now loaded: 0)
System memory in use before: 88.1 MB.
System memory in use after: 88.0 MB.

Unloading 12 unused Assets to reduce memory usage. Loaded Objects now: 2256.
Total: 5.063700 ms (FindLiveObjects: 0.704000 ms CreateObjectMapping: 0.195200 ms MarkObjects: 4.019000 ms  DeleteObjects: 0.143200 ms)

========================================================================
Received Import Request.
  Time since last request: 199.409209 seconds.
  path: Assets/Scripts/Player.cs
  artifactKey: Guid(8220323386d916542840fc3e0cd5c4bf) Importer(815301076,1909f56bfc062723c751e8b465ee728b)
Start importing Assets/Scripts/Player.cs using Guid(8220323386d916542840fc3e0cd5c4bf) Importer(815301076,1909f56bfc062723c751e8b465ee728b)  -> (artifact id: '700f096ad2a2f6b56d79f3ae5be34fe2') in 0.018688 seconds
  Import took 0.022639 seconds .

========================================================================
Received Prepare
Registering precompiled user dll's ...
Registered in 0.001181 seconds.
Begin MonoManager ReloadAssembly
Native extension for LinuxStandalone target not found
Native extension for WindowsStandalone target not found
Native extension for OSXStandalone target not found
Native extension for WebGL target not found
Refreshing native plugins compatible for Editor in 0.44 ms, found 1 plugins.
Preloading 0 native plugins for Editor in 0.00 ms.
Invoked RoslynAnalysisRunner static constructor.
RoslynAnalysisRunner will not be running.
RoslynAnalysisRunner has terminated.
Mono: successfully reloaded assembly
- Completed reload, in  0.907 seconds
Platform modules already initialized, skipping
Refreshing native plugins compatible for Editor in 0.37 ms, found 1 plugins.
Preloading 0 native plugins for Editor in 0.00 ms.
Unloading 1788 Unused Serialized files (Serialized files now loaded: 0)
System memory in use before: 88.1 MB.
System memory in use after: 88.1 MB.

Unloading 12 unused Assets to reduce memory usage. Loaded Objects now: 2259.
Total: 3.656800 ms (FindLiveObjects: 0.467400 ms CreateObjectMapping: 0.104200 ms MarkObjects: 2.921700 ms  DeleteObjects: 0.161800 ms)

========================================================================
Received Import Request.
  Time since last request: 336.079847 seconds.
  path: Assets/Scripts/Player.cs
  artifactKey: Guid(8220323386d916542840fc3e0cd5c4bf) Importer(815301076,1909f56bfc062723c751e8b465ee728b)
Start importing Assets/Scripts/Player.cs using Guid(8220323386d916542840fc3e0cd5c4bf) Importer(815301076,1909f56bfc062723c751e8b465ee728b)  -> (artifact id: '2147b0d7902196517fbf894b840ca9ba') in 0.009746 seconds
  Import took 0.017649 seconds .

========================================================================
Received Prepare
Registering precompiled user dll's ...
Registered in 0.001037 seconds.
Begin MonoManager ReloadAssembly
Native extension for LinuxStandalone target not found
Native extension for WindowsStandalone target not found
Native extension for OSXStandalone target not found
Native extension for WebGL target not found
Refreshing native plugins compatible for Editor in 0.34 ms, found 1 plugins.
Preloading 0 native plugins for Editor in 0.00 ms.
Invoked RoslynAnalysisRunner static constructor.
RoslynAnalysisRunner will not be running.
RoslynAnalysisRunner has terminated.
Mono: successfully reloaded assembly
- Completed reload, in  0.834 seconds
Platform modules already initialized, skipping
Refreshing native plugins compatible for Editor in 0.39 ms, found 1 plugins.
Preloading 0 native plugins for Editor in 0.00 ms.
Unloading 1788 Unused Serialized files (Serialized files now loaded: 0)
System memory in use before: 88.1 MB.
System memory in use after: 88.1 MB.

Unloading 12 unused Assets to reduce memory usage. Loaded Objects now: 2262.
Total: 2.548100 ms (FindLiveObjects: 0.372800 ms CreateObjectMapping: 0.145600 ms MarkObjects: 1.916600 ms  DeleteObjects: 0.111900 ms)

========================================================================
Received Import Request.
  Time since last request: 40.537098 seconds.
  path: Assets/Scripts/Player.cs
  artifactKey: Guid(8220323386d916542840fc3e0cd5c4bf) Importer(815301076,1909f56bfc062723c751e8b465ee728b)
Start importing Assets/Scripts/Player.cs using Guid(8220323386d916542840fc3e0cd5c4bf) Importer(815301076,1909f56bfc062723c751e8b465ee728b)  -> (artifact id: '0b24ca37cc6559e37b690dbc5069f1e3') in 0.018524 seconds
  Import took 0.023149 seconds .

========================================================================
Received Prepare
Registering precompiled user dll's ...
Registered in 0.001409 seconds.
Begin MonoManager ReloadAssembly
Native extension for LinuxStandalone target not found
Native extension for WindowsStandalone target not found
Native extension for OSXStandalone target not found
Native extension for WebGL target not found
Refreshing native plugins compatible for Editor in 0.46 ms, found 1 plugins.
Preloading 0 native plugins for Editor in 0.00 ms.
Invoked RoslynAnalysisRunner static constructor.
RoslynAnalysisRunner will not be running.
RoslynAnalysisRunner has terminated.
Mono: successfully reloaded assembly
- Completed reload, in  1.209 seconds
Platform modules already initialized, skipping
Refreshing native plugins compatible for Editor in 0.73 ms, found 1 plugins.
Preloading 0 native plugins for Editor in 0.00 ms.
Unloading 1788 Unused Serialized files (Serialized files now loaded: 0)
System memory in use before: 88.1 MB.
System memory in use after: 88.1 MB.

Unloading 12 unused Assets to reduce memory usage. Loaded Objects now: 2265.
Total: 3.036500 ms (FindLiveObjects: 0.277700 ms CreateObjectMapping: 0.110500 ms MarkObjects: 2.511300 ms  DeleteObjects: 0.135000 ms)

========================================================================
Received Prepare
Registering precompiled user dll's ...
Registered in 0.000900 seconds.
Begin MonoManager ReloadAssembly
Native extension for LinuxStandalone target not found
Native extension for WindowsStandalone target not found
Native extension for OSXStandalone target not found
Native extension for WebGL target not found
Refreshing native plugins compatible for Editor in 0.32 ms, found 1 plugins.
Preloading 0 native plugins for Editor in 0.00 ms.
Invoked RoslynAnalysisRunner static constructor.
RoslynAnalysisRunner will not be running.
RoslynAnalysisRunner has terminated.
Mono: successfully reloaded assembly
- Completed reload, in  0.862 seconds
Platform modules already initialized, skipping
Refreshing native plugins compatible for Editor in 0.39 ms, found 1 plugins.
Preloading 0 native plugins for Editor in 0.00 ms.
Unloading 1788 Unused Serialized files (Serialized files now loaded: 0)
System memory in use before: 88.2 MB.
System memory in use after: 88.1 MB.

Unloading 12 unused Assets to reduce memory usage. Loaded Objects now: 2268.
Total: 2.426000 ms (FindLiveObjects: 0.274400 ms CreateObjectMapping: 0.095100 ms MarkObjects: 1.913900 ms  DeleteObjects: 0.141500 ms)

========================================================================
Received Import Request.
  Time since last request: 356.916577 seconds.
  path: Assets/Scripts/Player.cs
  artifactKey: Guid(8220323386d916542840fc3e0cd5c4bf) Importer(815301076,1909f56bfc062723c751e8b465ee728b)
Start importing Assets/Scripts/Player.cs using Guid(8220323386d916542840fc3e0cd5c4bf) Importer(815301076,1909f56bfc062723c751e8b465ee728b)  -> (artifact id: '3ff426062c183fe86efc18d2b027d2ba') in 0.010303 seconds
  Import took 0.013325 seconds .

========================================================================
Received Prepare
Registering precompiled user dll's ...
Registered in 0.001021 seconds.
Begin MonoManager ReloadAssembly
Native extension for LinuxStandalone target not found
Native extension for WindowsStandalone target not found
Native extension for OSXStandalone target not found
Native extension for WebGL target not found
Refreshing native plugins compatible for Editor in 0.37 ms, found 1 plugins.
Preloading 0 native plugins for Editor in 0.00 ms.
Invoked RoslynAnalysisRunner static constructor.
RoslynAnalysisRunner will not be running.
RoslynAnalysisRunner has terminated.
Mono: successfully reloaded assembly
- Completed reload, in  0.828 seconds
Platform modules already initialized, skipping
Refreshing native plugins compatible for Editor in 0.55 ms, found 1 plugins.
Preloading 0 native plugins for Editor in 0.00 ms.
Unloading 1788 Unused Serialized files (Serialized files now loaded: 0)
System memory in use before: 88.2 MB.
System memory in use after: 88.2 MB.

Unloading 12 unused Assets to reduce memory usage. Loaded Objects now: 2271.
Total: 3.327300 ms (FindLiveObjects: 0.370400 ms CreateObjectMapping: 0.144100 ms MarkObjects: 2.640800 ms  DeleteObjects: 0.170200 ms)

========================================================================
Received Prepare
Registering precompiled user dll's ...
Registered in 0.000865 seconds.
Begin MonoManager ReloadAssembly
Native extension for LinuxStandalone target not found
Native extension for WindowsStandalone target not found
Native extension for OSXStandalone target not found
Native extension for WebGL target not found
Refreshing native plugins compatible for Editor in 0.37 ms, found 1 plugins.
Preloading 0 native plugins for Editor in 0.00 ms.
Invoked RoslynAnalysisRunner static constructor.
RoslynAnalysisRunner will not be running.
RoslynAnalysisRunner has terminated.
Mono: successfully reloaded assembly
- Completed reload, in  0.873 seconds
Platform modules already initialized, skipping
Refreshing native plugins compatible for Editor in 0.50 ms, found 1 plugins.
Preloading 0 native plugins for Editor in 0.00 ms.
Unloading 1788 Unused Serialized files (Serialized files now loaded: 0)
System memory in use before: 88.2 MB.
System memory in use after: 88.2 MB.

Unloading 12 unused Assets to reduce memory usage. Loaded Objects now: 2274.
Total: 3.131800 ms (FindLiveObjects: 0.297000 ms CreateObjectMapping: 0.097300 ms MarkObjects: 2.613600 ms  DeleteObjects: 0.122700 ms)

========================================================================
Received Prepare
Registering precompiled user dll's ...
Registered in 0.001125 seconds.
Begin MonoManager ReloadAssembly
Native extension for LinuxStandalone target not found
Native extension for WindowsStandalone target not found
Native extension for OSXStandalone target not found
Native extension for WebGL target not found
Refreshing native plugins compatible for Editor in 0.30 ms, found 1 plugins.
Preloading 0 native plugins for Editor in 0.00 ms.
Invoked RoslynAnalysisRunner static constructor.
RoslynAnalysisRunner will not be running.
RoslynAnalysisRunner has terminated.
Mono: successfully reloaded assembly
- Completed reload, in  0.909 seconds
Platform modules already initialized, skipping
Refreshing native plugins compatible for Editor in 0.67 ms, found 1 plugins.
Preloading 0 native plugins for Editor in 0.00 ms.
Unloading 1788 Unused Serialized files (Serialized files now loaded: 0)
System memory in use before: 88.2 MB.
System memory in use after: 88.2 MB.

Unloading 12 unused Assets to reduce memory usage. Loaded Objects now: 2277.
Total: 2.329200 ms (FindLiveObjects: 0.247700 ms CreateObjectMapping: 0.116300 ms MarkObjects: 1.820500 ms  DeleteObjects: 0.143500 ms)

========================================================================
Received Prepare
Registering precompiled user dll's ...
Registered in 0.000830 seconds.
Begin MonoManager ReloadAssembly
Native extension for LinuxStandalone target not found
Native extension for WindowsStandalone target not found
Native extension for OSXStandalone target not found
Native extension for WebGL target not found
Refreshing native plugins compatible for Editor in 0.32 ms, found 1 plugins.
Preloading 0 native plugins for Editor in 0.00 ms.
Invoked RoslynAnalysisRunner static constructor.
RoslynAnalysisRunner will not be running.
RoslynAnalysisRunner has terminated.
Mono: successfully reloaded assembly
- Completed reload, in  0.936 seconds
Platform modules already initialized, skipping
Refreshing native plugins compatible for Editor in 0.68 ms, found 1 plugins.
Preloading 0 native plugins for Editor in 0.00 ms.
Unloading 1788 Unused Serialized files (Serialized files now loaded: 0)
System memory in use before: 88.2 MB.
System memory in use after: 88.2 MB.

Unloading 12 unused Assets to reduce memory usage. Loaded Objects now: 2280.
Total: 2.836900 ms (FindLiveObjects: 0.277700 ms CreateObjectMapping: 0.092600 ms MarkObjects: 2.299900 ms  DeleteObjects: 0.165500 ms)

========================================================================
Received Prepare
Registering precompiled user dll's ...
Registered in 0.000965 seconds.
Begin MonoManager ReloadAssembly
Native extension for LinuxStandalone target not found
Native extension for WindowsStandalone target not found
Native extension for OSXStandalone target not found
Native extension for WebGL target not found
Refreshing native plugins compatible for Editor in 0.30 ms, found 1 plugins.
Preloading 0 native plugins for Editor in 0.00 ms.
Invoked RoslynAnalysisRunner static constructor.
RoslynAnalysisRunner will not be running.
RoslynAnalysisRunner has terminated.
Mono: successfully reloaded assembly
- Completed reload, in  0.924 seconds
Platform modules already initialized, skipping
Refreshing native plugins compatible for Editor in 0.59 ms, found 1 plugins.
Preloading 0 native plugins for Editor in 0.00 ms.
Unloading 1788 Unused Serialized files (Serialized files now loaded: 0)
System memory in use before: 88.2 MB.
System memory in use after: 88.2 MB.

Unloading 12 unused Assets to reduce memory usage. Loaded Objects now: 2283.
Total: 2.492300 ms (FindLiveObjects: 0.281900 ms CreateObjectMapping: 0.090400 ms MarkObjects: 1.966200 ms  DeleteObjects: 0.152600 ms)

========================================================================
Received Prepare
Registering precompiled user dll's ...
Registered in 0.000861 seconds.
Begin MonoManager ReloadAssembly
Native extension for LinuxStandalone target not found
Native extension for WindowsStandalone target not found
Native extension for OSXStandalone target not found
Native extension for WebGL target not found
Refreshing native plugins compatible for Editor in 0.54 ms, found 1 plugins.
Preloading 0 native plugins for Editor in 0.00 ms.
Invoked RoslynAnalysisRunner static constructor.
RoslynAnalysisRunner will not be running.
RoslynAnalysisRunner has terminated.
Mono: successfully reloaded assembly
- Completed reload, in  0.951 seconds
Platform modules already initialized, skipping
Refreshing native plugins compatible for Editor in 0.40 ms, found 1 plugins.
Preloading 0 native plugins for Editor in 0.00 ms.
Unloading 1788 Unused Serialized files (Serialized files now loaded: 0)
System memory in use before: 88.2 MB.
System memory in use after: 88.2 MB.

Unloading 12 unused Assets to reduce memory usage. Loaded Objects now: 2286.
Total: 3.088800 ms (FindLiveObjects: 0.545100 ms CreateObjectMapping: 0.279900 ms MarkObjects: 2.139800 ms  DeleteObjects: 0.122800 ms)

========================================================================
Received Import Request.
  Time since last request: 931.918019 seconds.
  path: Assets/Sprites/orange-triangle-image-vector-0.png
  artifactKey: Guid(4757f772e9696d242815159523942fe5) Importer(815301076,1909f56bfc062723c751e8b465ee728b)
Start importing Assets/Sprites/orange-triangle-image-vector-0.png using Guid(4757f772e9696d242815159523942fe5) Importer(815301076,1909f56bfc062723c751e8b465ee728b)  -> (artifact id: '21ee7e1be9c49b55301f46cb279e6f30') in 0.087085 seconds
  Import took 0.090392 seconds .

========================================================================
Received Prepare
Registering precompiled user dll's ...
Registered in 0.000901 seconds.
Begin MonoManager ReloadAssembly
Native extension for LinuxStandalone target not found
Native extension for WindowsStandalone target not found
Native extension for OSXStandalone target not found
Native extension for WebGL target not found
Refreshing native plugins compatible for Editor in 0.48 ms, found 1 plugins.
Preloading 0 native plugins for Editor in 0.00 ms.
Invoked RoslynAnalysisRunner static constructor.
RoslynAnalysisRunner will not be running.
RoslynAnalysisRunner has terminated.
Mono: successfully reloaded assembly
- Completed reload, in  1.028 seconds
Platform modules already initialized, skipping
Refreshing native plugins compatible for Editor in 0.43 ms, found 1 plugins.
Preloading 0 native plugins for Editor in 0.00 ms.
Unloading 1788 Unused Serialized files (Serialized files now loaded: 0)
System memory in use before: 88.2 MB.
System memory in use after: 88.2 MB.

Unloading 12 unused Assets to reduce memory usage. Loaded Objects now: 2290.
Total: 3.178300 ms (FindLiveObjects: 0.455700 ms CreateObjectMapping: 0.144800 ms MarkObjects: 2.428700 ms  DeleteObjects: 0.147800 ms)

========================================================================
Received Import Request.
  Time since last request: 48.873027 seconds.
  path: Assets/Sprites/orange-triangle-image-vector-0.png
  artifactKey: Guid(4757f772e9696d242815159523942fe5) Importer(815301076,1909f56bfc062723c751e8b465ee728b)
Start importing Assets/Sprites/orange-triangle-image-vector-0.png using Guid(4757f772e9696d242815159523942fe5) Importer(815301076,1909f56bfc062723c751e8b465ee728b)  -> (artifact id: '2e879e3b7b593d39b0f9a79ed3ad41fd') in 0.070494 seconds
  Import took 0.078908 seconds .

========================================================================
Received Prepare
Registering precompiled user dll's ...
Registered in 0.001114 seconds.
Begin MonoManager ReloadAssembly
Native extension for LinuxStandalone target not found
Native extension for WindowsStandalone target not found
Native extension for OSXStandalone target not found
Native extension for WebGL target not found
Refreshing native plugins compatible for Editor in 0.43 ms, found 1 plugins.
Preloading 0 native plugins for Editor in 0.00 ms.
Invoked RoslynAnalysisRunner static constructor.
RoslynAnalysisRunner will not be running.
RoslynAnalysisRunner has terminated.
Mono: successfully reloaded assembly
- Completed reload, in  0.990 seconds
Platform modules already initialized, skipping
Refreshing native plugins compatible for Editor in 0.41 ms, found 1 plugins.
Preloading 0 native plugins for Editor in 0.00 ms.
Unloading 1788 Unused Serialized files (Serialized files now loaded: 0)
System memory in use before: 88.2 MB.
System memory in use after: 88.2 MB.

Unloading 12 unused Assets to reduce memory usage. Loaded Objects now: 2294.
Total: 2.990900 ms (FindLiveObjects: 0.248900 ms CreateObjectMapping: 0.096800 ms MarkObjects: 2.502700 ms  DeleteObjects: 0.140700 ms)

========================================================================
Received Prepare
Registering precompiled user dll's ...
Registered in 0.000981 seconds.
Begin MonoManager ReloadAssembly
Native extension for LinuxStandalone target not found
Native extension for WindowsStandalone target not found
Native extension for OSXStandalone target not found
Native extension for WebGL target not found
Refreshing native plugins compatible for Editor in 0.46 ms, found 1 plugins.
Preloading 0 native plugins for Editor in 0.00 ms.
Invoked RoslynAnalysisRunner static constructor.
RoslynAnalysisRunner will not be running.
RoslynAnalysisRunner has terminated.
Mono: successfully reloaded assembly
- Completed reload, in  1.168 seconds
Platform modules already initialized, skipping
Refreshing native plugins compatible for Editor in 0.78 ms, found 1 plugins.
Preloading 0 native plugins for Editor in 0.00 ms.
Unloading 1788 Unused Serialized files (Serialized files now loaded: 0)
System memory in use before: 88.2 MB.
System memory in use after: 88.2 MB.

Unloading 12 unused Assets to reduce memory usage. Loaded Objects now: 2297.
Total: 2.565300 ms (FindLiveObjects: 0.266500 ms CreateObjectMapping: 0.122500 ms MarkObjects: 2.048600 ms  DeleteObjects: 0.126000 ms)

========================================================================
Received Prepare
Registering precompiled user dll's ...
Registered in 0.000942 seconds.
Begin MonoManager ReloadAssembly
Native extension for LinuxStandalone target not found
Native extension for WindowsStandalone target not found
Native extension for OSXStandalone target not found
Native extension for WebGL target not found
Refreshing native plugins compatible for Editor in 0.32 ms, found 1 plugins.
Preloading 0 native plugins for Editor in 0.00 ms.
Invoked RoslynAnalysisRunner static constructor.
RoslynAnalysisRunner will not be running.
RoslynAnalysisRunner has terminated.
Mono: successfully reloaded assembly
- Completed reload, in  0.946 seconds
Platform modules already initialized, skipping
Refreshing native plugins compatible for Editor in 0.81 ms, found 1 plugins.
Preloading 0 native plugins for Editor in 0.00 ms.
Unloading 1788 Unused Serialized files (Serialized files now loaded: 0)
System memory in use before: 88.2 MB.
System memory in use after: 88.2 MB.

Unloading 12 unused Assets to reduce memory usage. Loaded Objects now: 2300.
Total: 3.701100 ms (FindLiveObjects: 0.541900 ms CreateObjectMapping: 0.178600 ms MarkObjects: 2.796700 ms  DeleteObjects: 0.182400 ms)

========================================================================
Received Prepare
Registering precompiled user dll's ...
Registered in 0.001102 seconds.
Begin MonoManager ReloadAssembly
Native extension for LinuxStandalone target not found
Native extension for WindowsStandalone target not found
Native extension for OSXStandalone target not found
Native extension for WebGL target not found
Refreshing native plugins compatible for Editor in 0.31 ms, found 1 plugins.
Preloading 0 native plugins for Editor in 0.00 ms.
Invoked RoslynAnalysisRunner static constructor.
RoslynAnalysisRunner will not be running.
RoslynAnalysisRunner has terminated.
Mono: successfully reloaded assembly
- Completed reload, in  1.061 seconds
Platform modules already initialized, skipping
Refreshing native plugins compatible for Editor in 0.63 ms, found 1 plugins.
Preloading 0 native plugins for Editor in 0.00 ms.
Unloading 1788 Unused Serialized files (Serialized files now loaded: 0)
System memory in use before: 88.3 MB.
System memory in use after: 88.2 MB.

Unloading 12 unused Assets to reduce memory usage. Loaded Objects now: 2303.
Total: 2.340000 ms (FindLiveObjects: 0.240700 ms CreateObjectMapping: 0.083100 ms MarkObjects: 1.862500 ms  DeleteObjects: 0.152400 ms)

========================================================================
Received Prepare
Registering precompiled user dll's ...
Registered in 0.000919 seconds.
Begin MonoManager ReloadAssembly
Native extension for LinuxStandalone target not found
Native extension for WindowsStandalone target not found
Native extension for OSXStandalone target not found
Native extension for WebGL target not found
Refreshing native plugins compatible for Editor in 0.31 ms, found 1 plugins.
Preloading 0 native plugins for Editor in 0.00 ms.
Invoked RoslynAnalysisRunner static constructor.
RoslynAnalysisRunner will not be running.
RoslynAnalysisRunner has terminated.
Mono: successfully reloaded assembly
- Completed reload, in  0.723 seconds
Platform modules already initialized, skipping
Refreshing native plugins compatible for Editor in 0.54 ms, found 1 plugins.
Preloading 0 native plugins for Editor in 0.00 ms.
Unloading 1788 Unused Serialized files (Serialized files now loaded: 0)
System memory in use before: 88.3 MB.
System memory in use after: 88.3 MB.

Unloading 12 unused Assets to reduce memory usage. Loaded Objects now: 2306.
Total: 1.991300 ms (FindLiveObjects: 0.308900 ms CreateObjectMapping: 0.068000 ms MarkObjects: 1.519100 ms  DeleteObjects: 0.094300 ms)

========================================================================
Received Prepare
Registering precompiled user dll's ...
Registered in 0.000892 seconds.
Begin MonoManager ReloadAssembly
Native extension for LinuxStandalone target not found
Native extension for WindowsStandalone target not found
Native extension for OSXStandalone target not found
Native extension for WebGL target not found
Refreshing native plugins compatible for Editor in 0.49 ms, found 1 plugins.
Preloading 0 native plugins for Editor in 0.00 ms.
Invoked RoslynAnalysisRunner static constructor.
RoslynAnalysisRunner will not be running.
RoslynAnalysisRunner has terminated.
Mono: successfully reloaded assembly
- Completed reload, in  0.792 seconds
Platform modules already initialized, skipping
Refreshing native plugins compatible for Editor in 0.34 ms, found 1 plugins.
Preloading 0 native plugins for Editor in 0.00 ms.
Unloading 1788 Unused Serialized files (Serialized files now loaded: 0)
System memory in use before: 88.3 MB.
System memory in use after: 88.3 MB.

Unloading 12 unused Assets to reduce memory usage. Loaded Objects now: 2309.
Total: 1.695500 ms (FindLiveObjects: 0.186300 ms CreateObjectMapping: 0.070500 ms MarkObjects: 1.345200 ms  DeleteObjects: 0.092400 ms)

========================================================================
Received Import Request.
  Time since last request: 665.378372 seconds.
  path: Assets/Sprites/orange-triangle-image-vector-0.png
  artifactKey: Guid(4757f772e9696d242815159523942fe5) Importer(815301076,1909f56bfc062723c751e8b465ee728b)
Start importing Assets/Sprites/orange-triangle-image-vector-0.png using Guid(4757f772e9696d242815159523942fe5) Importer(815301076,1909f56bfc062723c751e8b465ee728b)  -> (artifact id: '128e32df6c0fa6f91b9de0ac31a72484') in 0.060988 seconds
  Import took 0.066523 seconds .

AssetImportWorkerClient::OnTransportError - code=2 error=End of file
